<?xml version="1.0" encoding="UTF-8"?>
<testng-results skipped="0" failed="0" total="2" passed="2">
  <reporter-output>
  </reporter-output>
  <suite name="Default suite" duration-ms="27524" started-at="2016-03-02T12:09:08Z" finished-at="2016-03-02T12:09:36Z">
    <groups>
    </groups>
    <test name="Default test" duration-ms="27524" started-at="2016-03-02T12:09:08Z" finished-at="2016-03-02T12:09:36Z">
      <class name="com.test.MasterCheckout">
        <test-method status="PASS" signature="openBrowser()[pri:0, instance:com.test.MasterCheckout@57829d67]" name="openBrowser" is-config="true" duration-ms="17786" started-at="2016-03-02T17:39:08Z" finished-at="2016-03-02T17:39:26Z">
          <reporter-output>
          </reporter-output>
        </test-method> <!-- openBrowser -->
        <test-method status="PASS" signature="visaCheckoutGuestUser()[pri:0, instance:com.test.MasterCheckout@57829d67]" name="visaCheckoutGuestUser" duration-ms="1795" started-at="2016-03-02T17:39:26Z" finished-at="2016-03-02T17:39:28Z">
          <reporter-output>
          </reporter-output>
        </test-method> <!-- visaCheckoutGuestUser -->
        <test-method status="PASS" signature="visaCheckout1GuestUser()[pri:1, instance:com.test.MasterCheckout@57829d67]" name="visaCheckout1GuestUser" duration-ms="4920" started-at="2016-03-02T17:39:28Z" finished-at="2016-03-02T17:39:33Z">
          <reporter-output>
          </reporter-output>
        </test-method> <!-- visaCheckout1GuestUser -->
        <test-method status="PASS" signature="tearDown()[pri:0, instance:com.test.MasterCheckout@57829d67]" name="tearDown" is-config="true" duration-ms="2981" started-at="2016-03-02T17:39:33Z" finished-at="2016-03-02T17:39:36Z">
          <reporter-output>
          </reporter-output>
        </test-method> <!-- tearDown -->
      </class> <!-- com.test.MasterCheckout -->
    </test> <!-- Default test -->
  </suite> <!-- Default suite -->
</testng-results>
